/u/k/a/karu/courses/cs552/spring2009/handouts/testprograms/public/rand_final/ldld_rand_large.asm SUCCESS CPI:2.3 CYCLES:2707 ICOUNT:1183 IHITRATE: 99.8 DHITRATE: 96.8
/u/k/a/karu/courses/cs552/spring2009/handouts/testprograms/public/rand_final/ldld_rand_small.asm SUCCESS CPI:2.3 CYCLES:2707 ICOUNT:1183 IHITRATE: 99.8 DHITRATE: 96.8
/u/k/a/karu/courses/cs552/spring2009/handouts/testprograms/public/rand_final/ldst_rand_large.asm SUCCESS CPI:2.0 CYCLES:3046 ICOUNT:1492 IHITRATE: 99.6 DHITRATE: 91.4
/u/k/a/karu/courses/cs552/spring2009/handouts/testprograms/public/rand_final/ldst_rand_small.asm SUCCESS CPI:1.8 CYCLES:2726 ICOUNT:1492 IHITRATE: 99.6 DHITRATE: 95.0
/u/k/a/karu/courses/cs552/spring2009/handouts/testprograms/public/rand_final/t_100_all.asm SUCCESS CPI:5.2 CYCLES:2090 ICOUNT:405 IHITRATE: 75.6 DHITRATE: 70.4
/u/k/a/karu/courses/cs552/spring2009/handouts/testprograms/public/rand_final/t_100_ctrl.asm SUCCESS CPI:5.3 CYCLES:4080 ICOUNT:773 IHITRATE: 74.1 DHITRATE: 78.0
/u/k/a/karu/courses/cs552/spring2009/handouts/testprograms/public/rand_final/t_100_icache.asm SUCCESS CPI:19.3 CYCLES:7802 ICOUNT:405 IHITRATE: 61.5 DHITRATE: 0
/u/k/a/karu/courses/cs552/spring2009/handouts/testprograms/public/rand_final/t_100_idcache.asm SUCCESS CPI:7.0 CYCLES:4650 ICOUNT:664 IHITRATE: 92.4 DHITRATE: 35.2
/u/k/a/karu/courses/cs552/spring2009/handouts/testprograms/public/rand_final/t_100_mem.asm SUCCESS CPI:3.8 CYCLES:8165 ICOUNT:2157 IHITRATE: 80.2 DHITRATE: 94.4
/u/k/a/karu/courses/cs552/spring2009/handouts/testprograms/public/rand_final/t_101_all.asm SUCCESS CPI:5.1 CYCLES:2690 ICOUNT:531 IHITRATE: 76.7 DHITRATE: 71.4
/u/k/a/karu/courses/cs552/spring2009/handouts/testprograms/public/rand_final/t_101_ctrl.asm SUCCESS CPI:4.9 CYCLES:4885 ICOUNT:1004 IHITRATE: 75.4 DHITRATE: 80.5
/u/k/a/karu/courses/cs552/spring2009/handouts/testprograms/public/rand_final/t_101_icache.asm SUCCESS CPI:19.4 CYCLES:7872 ICOUNT:405 IHITRATE: 61.1 DHITRATE: 0
/u/k/a/karu/courses/cs552/spring2009/handouts/testprograms/public/rand_final/t_101_idcache.asm SUCCESS CPI:6.8 CYCLES:4638 ICOUNT:682 IHITRATE: 93.0 DHITRATE: 35.1
/u/k/a/karu/courses/cs552/spring2009/handouts/testprograms/public/rand_final/t_101_mem.asm SUCCESS CPI:3.8 CYCLES:8249 ICOUNT:2159 IHITRATE: 79.9 DHITRATE: 94.7
/u/k/a/karu/courses/cs552/spring2009/handouts/testprograms/public/rand_final/t_102_all.asm SUCCESS CPI:5.3 CYCLES:2270 ICOUNT:430 IHITRATE: 76.5 DHITRATE: 61.3
/u/k/a/karu/courses/cs552/spring2009/handouts/testprograms/public/rand_final/t_102_ctrl.asm SUCCESS CPI:4.9 CYCLES:4942 ICOUNT:1001 IHITRATE: 75.4 DHITRATE: 74.0
/u/k/a/karu/courses/cs552/spring2009/handouts/testprograms/public/rand_final/t_102_icache.asm SUCCESS CPI:19.4 CYCLES:7862 ICOUNT:405 IHITRATE: 61.1 DHITRATE: 0
/u/k/a/karu/courses/cs552/spring2009/handouts/testprograms/public/rand_final/t_102_idcache.asm SUCCESS CPI:7.2 CYCLES:4360 ICOUNT:604 IHITRATE: 92.2 DHITRATE: 31.1
/u/k/a/karu/courses/cs552/spring2009/handouts/testprograms/public/rand_final/t_102_mem.asm SUCCESS CPI:3.7 CYCLES:8373 ICOUNT:2241 IHITRATE: 78.3 DHITRATE: 96.5
/u/k/a/karu/courses/cs552/spring2009/handouts/testprograms/public/rand_final/t_103_all.asm SUCCESS CPI:4.9 CYCLES:2543 ICOUNT:521 IHITRATE: 76.5 DHITRATE: 57.7
/u/k/a/karu/courses/cs552/spring2009/handouts/testprograms/public/rand_final/t_103_ctrl.asm SUCCESS CPI:4.9 CYCLES:4777 ICOUNT:980 IHITRATE: 76.0 DHITRATE: 75.0
/u/k/a/karu/courses/cs552/spring2009/handouts/testprograms/public/rand_final/t_103_icache.asm SUCCESS CPI:19.5 CYCLES:7912 ICOUNT:405 IHITRATE: 60.8 DHITRATE: 0
/u/k/a/karu/courses/cs552/spring2009/handouts/testprograms/public/rand_final/t_103_idcache.asm SUCCESS CPI:7.1 CYCLES:4530 ICOUNT:634 IHITRATE: 91.9 DHITRATE: 36.7
/u/k/a/karu/courses/cs552/spring2009/handouts/testprograms/public/rand_final/t_103_mem.asm SUCCESS CPI:3.7 CYCLES:8096 ICOUNT:2203 IHITRATE: 77.8 DHITRATE: 97.3
/u/k/a/karu/courses/cs552/spring2009/handouts/testprograms/public/rand_final/t_104_all.asm SUCCESS CPI:4.8 CYCLES:2583 ICOUNT:535 IHITRATE: 76.0 DHITRATE: 63.0
/u/k/a/karu/courses/cs552/spring2009/handouts/testprograms/public/rand_final/t_104_ctrl.asm SUCCESS CPI:4.9 CYCLES:4502 ICOUNT:911 IHITRATE: 76.1 DHITRATE: 72.1
/u/k/a/karu/courses/cs552/spring2009/handouts/testprograms/public/rand_final/t_104_icache.asm SUCCESS CPI:19.9 CYCLES:8062 ICOUNT:405 IHITRATE: 59.9 DHITRATE: 0
/u/k/a/karu/courses/cs552/spring2009/handouts/testprograms/public/rand_final/t_104_idcache.asm SUCCESS CPI:7.4 CYCLES:4276 ICOUNT:580 IHITRATE: 92.6 DHITRATE: 21.1
/u/k/a/karu/courses/cs552/spring2009/handouts/testprograms/public/rand_final/t_104_mem.asm SUCCESS CPI:3.7 CYCLES:8426 ICOUNT:2261 IHITRATE: 78.6 DHITRATE: 96.1
/u/k/a/karu/courses/cs552/spring2009/handouts/testprograms/public/rand_final/t_105_all.asm SUCCESS CPI:5.0 CYCLES:2676 ICOUNT:538 IHITRATE: 75.8 DHITRATE: 60.7
/u/k/a/karu/courses/cs552/spring2009/handouts/testprograms/public/rand_final/t_105_ctrl.asm SUCCESS CPI:5.0 CYCLES:4762 ICOUNT:948 IHITRATE: 75.5 DHITRATE: 70.7
/u/k/a/karu/courses/cs552/spring2009/handouts/testprograms/public/rand_final/t_105_icache.asm SUCCESS CPI:19.9 CYCLES:8052 ICOUNT:405 IHITRATE: 60.0 DHITRATE: 0
/u/k/a/karu/courses/cs552/spring2009/handouts/testprograms/public/rand_final/t_105_idcache.asm SUCCESS CPI:7.2 CYCLES:4288 ICOUNT:592 IHITRATE: 92.9 DHITRATE: 22.5
/u/k/a/karu/courses/cs552/spring2009/handouts/testprograms/public/rand_final/t_105_mem.asm SUCCESS CPI:3.8 CYCLES:8116 ICOUNT:2157 IHITRATE: 79.2 DHITRATE: 95.7
/u/k/a/karu/courses/cs552/spring2009/handouts/testprograms/public/rand_final/t_106_all.asm SUCCESS CPI:5.1 CYCLES:2802 ICOUNT:548 IHITRATE: 75.8 DHITRATE: 70.7
/u/k/a/karu/courses/cs552/spring2009/handouts/testprograms/public/rand_final/t_106_ctrl.asm SUCCESS CPI:4.9 CYCLES:4656 ICOUNT:958 IHITRATE: 76.6 DHITRATE: 73.2
/u/k/a/karu/courses/cs552/spring2009/handouts/testprograms/public/rand_final/t_106_icache.asm SUCCESS CPI:19.4 CYCLES:7842 ICOUNT:405 IHITRATE: 61.3 DHITRATE: 0
/u/k/a/karu/courses/cs552/spring2009/handouts/testprograms/public/rand_final/t_106_idcache.asm SUCCESS CPI:7.5 CYCLES:4520 ICOUNT:604 IHITRATE: 92.0 DHITRATE: 26.7
/u/k/a/karu/courses/cs552/spring2009/handouts/testprograms/public/rand_final/t_106_mem.asm SUCCESS CPI:3.8 CYCLES:8174 ICOUNT:2159 IHITRATE: 80.0 DHITRATE: 94.8
/u/k/a/karu/courses/cs552/spring2009/handouts/testprograms/public/rand_final/t_107_all.asm SUCCESS CPI:5.1 CYCLES:2511 ICOUNT:496 IHITRATE: 76.0 DHITRATE: 65.6
/u/k/a/karu/courses/cs552/spring2009/handouts/testprograms/public/rand_final/t_107_ctrl.asm SUCCESS CPI:4.8 CYCLES:4552 ICOUNT:942 IHITRATE: 75.5 DHITRATE: 75.0
/u/k/a/karu/courses/cs552/spring2009/handouts/testprograms/public/rand_final/t_107_icache.asm SUCCESS CPI:19.1 CYCLES:7732 ICOUNT:405 IHITRATE: 61.9 DHITRATE: 0
/u/k/a/karu/courses/cs552/spring2009/handouts/testprograms/public/rand_final/t_107_idcache.asm SUCCESS CPI:7.8 CYCLES:4720 ICOUNT:604 IHITRATE: 91.3 DHITRATE: 25.9
/u/k/a/karu/courses/cs552/spring2009/handouts/testprograms/public/rand_final/t_107_mem.asm SUCCESS CPI:3.8 CYCLES:8085 ICOUNT:2139 IHITRATE: 79.5 DHITRATE: 95.2
/u/k/a/karu/courses/cs552/spring2009/handouts/testprograms/public/rand_final/t_108_all.asm SUCCESS CPI:4.7 CYCLES:2484 ICOUNT:534 IHITRATE: 77.4 DHITRATE: 64.9
/u/k/a/karu/courses/cs552/spring2009/handouts/testprograms/public/rand_final/t_108_ctrl.asm SUCCESS CPI:4.9 CYCLES:4781 ICOUNT:966 IHITRATE: 75.3 DHITRATE: 77.5
/u/k/a/karu/courses/cs552/spring2009/handouts/testprograms/public/rand_final/t_108_icache.asm SUCCESS CPI:19.5 CYCLES:7902 ICOUNT:405 IHITRATE: 60.9 DHITRATE: 0
/u/k/a/karu/courses/cs552/spring2009/handouts/testprograms/public/rand_final/t_108_idcache.asm SUCCESS CPI:7.6 CYCLES:4758 ICOUNT:622 IHITRATE: 91.2 DHITRATE: 31.2
/u/k/a/karu/courses/cs552/spring2009/handouts/testprograms/public/rand_final/t_108_mem.asm SUCCESS CPI:3.8 CYCLES:8491 ICOUNT:2253 IHITRATE: 79.8 DHITRATE: 94.8
/u/k/a/karu/courses/cs552/spring2009/handouts/testprograms/public/rand_final/t_109_all.asm SUCCESS CPI:5.0 CYCLES:2038 ICOUNT:406 IHITRATE: 75.2 DHITRATE: 83.3
/u/k/a/karu/courses/cs552/spring2009/handouts/testprograms/public/rand_final/t_109_ctrl.asm SUCCESS CPI:4.8 CYCLES:4801 ICOUNT:999 IHITRATE: 73.9 DHITRATE: 86.4
/u/k/a/karu/courses/cs552/spring2009/handouts/testprograms/public/rand_final/t_109_icache.asm SUCCESS CPI:19.1 CYCLES:7722 ICOUNT:405 IHITRATE: 62.0 DHITRATE: 0
/u/k/a/karu/courses/cs552/spring2009/handouts/testprograms/public/rand_final/t_109_idcache.asm SUCCESS CPI:7.6 CYCLES:4636 ICOUNT:610 IHITRATE: 92.6 DHITRATE: 17.4
/u/k/a/karu/courses/cs552/spring2009/handouts/testprograms/public/rand_final/t_109_mem.asm SUCCESS CPI:3.7 CYCLES:7969 ICOUNT:2129 IHITRATE: 79.4 DHITRATE: 95.5
/u/k/a/karu/courses/cs552/spring2009/handouts/testprograms/public/rand_final/t_10_mem.asm SUCCESS CPI:3.7 CYCLES:8554 ICOUNT:2301 IHITRATE: 78.6 DHITRATE: 96.3
/u/k/a/karu/courses/cs552/spring2009/handouts/testprograms/public/rand_final/t_110_all.asm SUCCESS CPI:4.8 CYCLES:2526 ICOUNT:527 IHITRATE: 74.6 DHITRATE: 84.6
/u/k/a/karu/courses/cs552/spring2009/handouts/testprograms/public/rand_final/t_110_ctrl.asm SUCCESS CPI:4.7 CYCLES:4992 ICOUNT:1063 IHITRATE: 75.8 DHITRATE: 80.0
/u/k/a/karu/courses/cs552/spring2009/handouts/testprograms/public/rand_final/t_110_icache.asm SUCCESS CPI:19.5 CYCLES:7912 ICOUNT:405 IHITRATE: 60.8 DHITRATE: 0
/u/k/a/karu/courses/cs552/spring2009/handouts/testprograms/public/rand_final/t_110_idcache.asm SUCCESS CPI:7.4 CYCLES:4884 ICOUNT:658 IHITRATE: 92.3 DHITRATE: 27.2
/u/k/a/karu/courses/cs552/spring2009/handouts/testprograms/public/rand_final/t_110_mem.asm SUCCESS CPI:3.8 CYCLES:8250 ICOUNT:2197 IHITRATE: 79.2 DHITRATE: 95.4
/u/k/a/karu/courses/cs552/spring2009/handouts/testprograms/public/rand_final/t_111_all.asm SUCCESS CPI:5.3 CYCLES:2534 ICOUNT:474 IHITRATE: 75.3 DHITRATE: 73.7
/u/k/a/karu/courses/cs552/spring2009/handouts/testprograms/public/rand_final/t_111_ctrl.asm SUCCESS CPI:4.9 CYCLES:5197 ICOUNT:1061 IHITRATE: 75.7 DHITRATE: 74.1
/u/k/a/karu/courses/cs552/spring2009/handouts/testprograms/public/rand_final/t_111_icache.asm SUCCESS CPI:19.8 CYCLES:8012 ICOUNT:405 IHITRATE: 60.2 DHITRATE: 0
/u/k/a/karu/courses/cs552/spring2009/handouts/testprograms/public/rand_final/t_111_idcache.asm SUCCESS CPI:7.5 CYCLES:5056 ICOUNT:670 IHITRATE: 92.9 DHITRATE: 17.9
/u/k/a/karu/courses/cs552/spring2009/handouts/testprograms/public/rand_final/t_111_mem.asm SUCCESS CPI:3.8 CYCLES:8098 ICOUNT:2115 IHITRATE: 80.6 DHITRATE: 93.9
/u/k/a/karu/courses/cs552/spring2009/handouts/testprograms/public/rand_final/t_112_all.asm SUCCESS CPI:5.3 CYCLES:2358 ICOUNT:441 IHITRATE: 76.1 DHITRATE: 62.1
/u/k/a/karu/courses/cs552/spring2009/handouts/testprograms/public/rand_final/t_112_ctrl.asm SUCCESS CPI:5.0 CYCLES:4441 ICOUNT:881 IHITRATE: 75.3 DHITRATE: 71.7
/u/k/a/karu/courses/cs552/spring2009/handouts/testprograms/public/rand_final/t_112_icache.asm SUCCESS CPI:19.3 CYCLES:7832 ICOUNT:405 IHITRATE: 61.3 DHITRATE: 0
/u/k/a/karu/courses/cs552/spring2009/handouts/testprograms/public/rand_final/t_112_idcache.asm SUCCESS CPI:7.6 CYCLES:5208 ICOUNT:682 IHITRATE: 92.1 DHITRATE: 24.1
/u/k/a/karu/courses/cs552/spring2009/handouts/testprograms/public/rand_final/t_112_mem.asm SUCCESS CPI:3.6 CYCLES:7392 ICOUNT:2029 IHITRATE: 77.9 DHITRATE: 97.5
/u/k/a/karu/courses/cs552/spring2009/handouts/testprograms/public/rand_final/t_113_all.asm SUCCESS CPI:5.2 CYCLES:2097 ICOUNT:405 IHITRATE: 75.3 DHITRATE: 77.1
/u/k/a/karu/courses/cs552/spring2009/handouts/testprograms/public/rand_final/t_113_ctrl.asm SUCCESS CPI:5.1 CYCLES:4628 ICOUNT:915 IHITRATE: 76.6 DHITRATE: 71.6
/u/k/a/karu/courses/cs552/spring2009/handouts/testprograms/public/rand_final/t_113_icache.asm SUCCESS CPI:19.4 CYCLES:7862 ICOUNT:405 IHITRATE: 61.1 DHITRATE: 0
/u/k/a/karu/courses/cs552/spring2009/handouts/testprograms/public/rand_final/t_113_idcache.asm SUCCESS CPI:7.5 CYCLES:4822 ICOUNT:646 IHITRATE: 91.8 DHITRATE: 30.1
/u/k/a/karu/courses/cs552/spring2009/handouts/testprograms/public/rand_final/t_113_mem.asm SUCCESS CPI:3.7 CYCLES:8204 ICOUNT:2217 IHITRATE: 78.7 DHITRATE: 96.2
/u/k/a/karu/courses/cs552/spring2009/handouts/testprograms/public/rand_final/t_114_all.asm SUCCESS CPI:4.5 CYCLES:3031 ICOUNT:672 IHITRATE: 76.3 DHITRATE: 72.5
/u/k/a/karu/courses/cs552/spring2009/handouts/testprograms/public/rand_final/t_114_ctrl.asm SUCCESS CPI:4.6 CYCLES:4797 ICOUNT:1041 IHITRATE: 74.6 DHITRATE: 88.5
/u/k/a/karu/courses/cs552/spring2009/handouts/testprograms/public/rand_final/t_114_icache.asm SUCCESS CPI:19.3 CYCLES:7822 ICOUNT:405 IHITRATE: 61.4 DHITRATE: 0
/u/k/a/karu/courses/cs552/spring2009/handouts/testprograms/public/rand_final/t_114_idcache.asm SUCCESS CPI:7.5 CYCLES:4576 ICOUNT:610 IHITRATE: 91.6 DHITRATE: 30.4
/u/k/a/karu/courses/cs552/spring2009/handouts/testprograms/public/rand_final/t_114_mem.asm SUCCESS CPI:3.7 CYCLES:7995 ICOUNT:2141 IHITRATE: 78.7 DHITRATE: 96.2
/u/k/a/karu/courses/cs552/spring2009/handouts/testprograms/public/rand_final/t_115_all.asm SUCCESS CPI:4.8 CYCLES:2578 ICOUNT:532 IHITRATE: 75.4 DHITRATE: 77.8
/u/k/a/karu/courses/cs552/spring2009/handouts/testprograms/public/rand_final/t_115_ctrl.asm SUCCESS CPI:4.7 CYCLES:4974 ICOUNT:1051 IHITRATE: 76.6 DHITRATE: 73.3
/u/k/a/karu/courses/cs552/spring2009/handouts/testprograms/public/rand_final/t_115_icache.asm SUCCESS CPI:19.5 CYCLES:7902 ICOUNT:405 IHITRATE: 60.9 DHITRATE: 0
/u/k/a/karu/courses/cs552/spring2009/handouts/testprograms/public/rand_final/t_115_idcache.asm SUCCESS CPI:7.4 CYCLES:5110 ICOUNT:694 IHITRATE: 91.3 DHITRATE: 37.2
/u/k/a/karu/courses/cs552/spring2009/handouts/testprograms/public/rand_final/t_115_mem.asm SUCCESS CPI:3.7 CYCLES:7846 ICOUNT:2133 IHITRATE: 77.6 DHITRATE: 97.4
/u/k/a/karu/courses/cs552/spring2009/handouts/testprograms/public/rand_final/t_116_all.asm SUCCESS CPI:4.5 CYCLES:3007 ICOUNT:665 IHITRATE: 76.7 DHITRATE: 75.0
/u/k/a/karu/courses/cs552/spring2009/handouts/testprograms/public/rand_final/t_116_ctrl.asm SUCCESS CPI:4.5 CYCLES:5592 ICOUNT:1237 IHITRATE: 76.1 DHITRATE: 81.4
/u/k/a/karu/courses/cs552/spring2009/handouts/testprograms/public/rand_final/t_116_icache.asm SUCCESS CPI:20.1 CYCLES:8152 ICOUNT:405 IHITRATE: 59.3 DHITRATE: 0
/u/k/a/karu/courses/cs552/spring2009/handouts/testprograms/public/rand_final/t_116_idcache.asm SUCCESS CPI:7.3 CYCLES:4584 ICOUNT:628 IHITRATE: 92.0 DHITRATE: 32.0
/u/k/a/karu/courses/cs552/spring2009/handouts/testprograms/public/rand_final/t_116_mem.asm SUCCESS CPI:3.9 CYCLES:8511 ICOUNT:2209 IHITRATE: 80.4 DHITRATE: 93.9
/u/k/a/karu/courses/cs552/spring2009/handouts/testprograms/public/rand_final/t_117_all.asm SUCCESS CPI:4.9 CYCLES:2721 ICOUNT:558 IHITRATE: 78.3 DHITRATE: 66.0
/u/k/a/karu/courses/cs552/spring2009/handouts/testprograms/public/rand_final/t_117_ctrl.asm SUCCESS CPI:4.9 CYCLES:5154 ICOUNT:1058 IHITRATE: 76.8 DHITRATE: 68.1
/u/k/a/karu/courses/cs552/spring2009/handouts/testprograms/public/rand_final/t_117_icache.asm SUCCESS CPI:19.2 CYCLES:7772 ICOUNT:405 IHITRATE: 61.7 DHITRATE: 0
/u/k/a/karu/courses/cs552/spring2009/handouts/testprograms/public/rand_final/t_117_idcache.asm SUCCESS CPI:7.6 CYCLES:5066 ICOUNT:670 IHITRATE: 91.2 DHITRATE: 33.9
/u/k/a/karu/courses/cs552/spring2009/handouts/testprograms/public/rand_final/t_117_mem.asm SUCCESS CPI:3.7 CYCLES:8622 ICOUNT:2305 IHITRATE: 78.9 DHITRATE: 95.8
/u/k/a/karu/courses/cs552/spring2009/handouts/testprograms/public/rand_final/t_118_all.asm SUCCESS CPI:4.8 CYCLES:2924 ICOUNT:611 IHITRATE: 77.6 DHITRATE: 70.2
/u/k/a/karu/courses/cs552/spring2009/handouts/testprograms/public/rand_final/t_118_ctrl.asm SUCCESS CPI:4.7 CYCLES:4476 ICOUNT:946 IHITRATE: 76.7 DHITRATE: 72.1
/u/k/a/karu/courses/cs552/spring2009/handouts/testprograms/public/rand_final/t_118_icache.asm SUCCESS CPI:19.4 CYCLES:7862 ICOUNT:405 IHITRATE: 61.1 DHITRATE: 0
/u/k/a/karu/courses/cs552/spring2009/handouts/testprograms/public/rand_final/t_118_idcache.asm SUCCESS CPI:7.5 CYCLES:4290 ICOUNT:574 IHITRATE: 92.3 DHITRATE: 22.5
/u/k/a/karu/courses/cs552/spring2009/handouts/testprograms/public/rand_final/t_118_mem.asm SUCCESS CPI:3.7 CYCLES:7737 ICOUNT:2089 IHITRATE: 78.3 DHITRATE: 96.8
/u/k/a/karu/courses/cs552/spring2009/handouts/testprograms/public/rand_final/t_119_all.asm SUCCESS CPI:4.8 CYCLES:2364 ICOUNT:497 IHITRATE: 77.2 DHITRATE: 69.4
/u/k/a/karu/courses/cs552/spring2009/handouts/testprograms/public/rand_final/t_119_ctrl.asm SUCCESS CPI:4.9 CYCLES:4427 ICOUNT:905 IHITRATE: 75.5 DHITRATE: 74.5
/u/k/a/karu/courses/cs552/spring2009/handouts/testprograms/public/rand_final/t_119_icache.asm SUCCESS CPI:19.9 CYCLES:8042 ICOUNT:405 IHITRATE: 60.0 DHITRATE: 0
/u/k/a/karu/courses/cs552/spring2009/handouts/testprograms/public/rand_final/t_119_idcache.asm SUCCESS CPI:7.6 CYCLES:4754 ICOUNT:628 IHITRATE: 92.2 DHITRATE: 23.1
/u/k/a/karu/courses/cs552/spring2009/handouts/testprograms/public/rand_final/t_119_mem.asm SUCCESS CPI:3.8 CYCLES:8662 ICOUNT:2263 IHITRATE: 80.3 DHITRATE: 94.0
/u/k/a/karu/courses/cs552/spring2009/handouts/testprograms/public/rand_final/t_11_mem.asm SUCCESS CPI:3.9 CYCLES:8855 ICOUNT:2295 IHITRATE: 80.6 DHITRATE: 93.2
/u/k/a/karu/courses/cs552/spring2009/handouts/testprograms/public/rand_final/t_120_all.asm SUCCESS CPI:5.1 CYCLES:2422 ICOUNT:479 IHITRATE: 73.3 DHITRATE: 80.8
/u/k/a/karu/courses/cs552/spring2009/handouts/testprograms/public/rand_final/t_120_ctrl.asm SUCCESS CPI:4.8 CYCLES:4959 ICOUNT:1037 IHITRATE: 75.2 DHITRATE: 77.5
/u/k/a/karu/courses/cs552/spring2009/handouts/testprograms/public/rand_final/t_120_icache.asm SUCCESS CPI:19.1 CYCLES:7742 ICOUNT:405 IHITRATE: 61.9 DHITRATE: 0
/u/k/a/karu/courses/cs552/spring2009/handouts/testprograms/public/rand_final/t_120_idcache.asm SUCCESS CPI:7.4 CYCLES:4670 ICOUNT:634 IHITRATE: 91.7 DHITRATE: 32.7
/u/k/a/karu/courses/cs552/spring2009/handouts/testprograms/public/rand_final/t_120_mem.asm SUCCESS CPI:3.7 CYCLES:8196 ICOUNT:2203 IHITRATE: 78.5 DHITRATE: 96.4
/u/k/a/karu/courses/cs552/spring2009/handouts/testprograms/public/rand_final/t_121_all.asm SUCCESS CPI:5.4 CYCLES:2137 ICOUNT:396 IHITRATE: 75.2 DHITRATE: 65.2
/u/k/a/karu/courses/cs552/spring2009/handouts/testprograms/public/rand_final/t_122_all.asm SUCCESS CPI:5.0 CYCLES:1990 ICOUNT:401 IHITRATE: 76.7 DHITRATE: 69.2
/u/k/a/karu/courses/cs552/spring2009/handouts/testprograms/public/rand_final/t_123_all.asm SUCCESS CPI:4.9 CYCLES:2892 ICOUNT:590 IHITRATE: 76.7 DHITRATE: 63.2
/u/k/a/karu/courses/cs552/spring2009/handouts/testprograms/public/rand_final/t_124_all.asm SUCCESS CPI:4.6 CYCLES:1977 ICOUNT:429 IHITRATE: 77.3 DHITRATE: 65.4
/u/k/a/karu/courses/cs552/spring2009/handouts/testprograms/public/rand_final/t_125_all.asm SUCCESS CPI:5.3 CYCLES:3125 ICOUNT:592 IHITRATE: 79.4 DHITRATE: 55.2
/u/k/a/karu/courses/cs552/spring2009/handouts/testprograms/public/rand_final/t_126_all.asm SUCCESS CPI:4.7 CYCLES:3308 ICOUNT:708 IHITRATE: 78.4 DHITRATE: 55.8
/u/k/a/karu/courses/cs552/spring2009/handouts/testprograms/public/rand_final/t_127_all.asm SUCCESS CPI:4.8 CYCLES:2584 ICOUNT:537 IHITRATE: 76.9 DHITRATE: 72.7
/u/k/a/karu/courses/cs552/spring2009/handouts/testprograms/public/rand_final/t_128_all.asm SUCCESS CPI:5.2 CYCLES:2720 ICOUNT:523 IHITRATE: 75.4 DHITRATE: 64.5
/u/k/a/karu/courses/cs552/spring2009/handouts/testprograms/public/rand_final/t_129_all.asm SUCCESS CPI:4.9 CYCLES:2603 ICOUNT:526 IHITRATE: 77.5 DHITRATE: 70.8
/u/k/a/karu/courses/cs552/spring2009/handouts/testprograms/public/rand_final/t_12_mem.asm SUCCESS CPI:3.7 CYCLES:8078 ICOUNT:2187 IHITRATE: 78.5 DHITRATE: 96.5
/u/k/a/karu/courses/cs552/spring2009/handouts/testprograms/public/rand_final/t_130_all.asm SUCCESS CPI:4.4 CYCLES:3342 ICOUNT:753 IHITRATE: 77.5 DHITRATE: 70.9
/u/k/a/karu/courses/cs552/spring2009/handouts/testprograms/public/rand_final/t_131_all.asm SUCCESS CPI:4.7 CYCLES:3014 ICOUNT:646 IHITRATE: 75.4 DHITRATE: 83.3
/u/k/a/karu/courses/cs552/spring2009/handouts/testprograms/public/rand_final/t_132_all.asm SUCCESS CPI:4.7 CYCLES:2655 ICOUNT:559 IHITRATE: 76.9 DHITRATE: 63.9
/u/k/a/karu/courses/cs552/spring2009/handouts/testprograms/public/rand_final/t_133_all.asm SUCCESS CPI:4.8 CYCLES:2512 ICOUNT:525 IHITRATE: 78.2 DHITRATE: 61.5
/u/k/a/karu/courses/cs552/spring2009/handouts/testprograms/public/rand_final/t_134_all.asm SUCCESS CPI:4.7 CYCLES:2654 ICOUNT:563 IHITRATE: 78.1 DHITRATE: 68.2
/u/k/a/karu/courses/cs552/spring2009/handouts/testprograms/public/rand_final/t_135_all.asm SUCCESS CPI:4.6 CYCLES:3216 ICOUNT:706 IHITRATE: 78.3 DHITRATE: 65.4
/u/k/a/karu/courses/cs552/spring2009/handouts/testprograms/public/rand_final/t_136_all.asm SUCCESS CPI:5.0 CYCLES:2549 ICOUNT:505 IHITRATE: 76.3 DHITRATE: 69.2
/u/k/a/karu/courses/cs552/spring2009/handouts/testprograms/public/rand_final/t_137_all.asm SUCCESS CPI:4.6 CYCLES:2913 ICOUNT:633 IHITRATE: 76.9 DHITRATE: 65.8
/u/k/a/karu/courses/cs552/spring2009/handouts/testprograms/public/rand_final/t_138_all.asm SUCCESS CPI:4.5 CYCLES:3278 ICOUNT:725 IHITRATE: 77.4 DHITRATE: 73.7
/u/k/a/karu/courses/cs552/spring2009/handouts/testprograms/public/rand_final/t_139_all.asm SUCCESS CPI:5.3 CYCLES:2379 ICOUNT:450 IHITRATE: 76.3 DHITRATE: 52.2
/u/k/a/karu/courses/cs552/spring2009/handouts/testprograms/public/rand_final/t_13_mem.asm SUCCESS CPI:3.7 CYCLES:8107 ICOUNT:2171 IHITRATE: 79.1 DHITRATE: 95.8
/u/k/a/karu/courses/cs552/spring2009/handouts/testprograms/public/rand_final/t_140_all.asm SUCCESS CPI:4.9 CYCLES:2308 ICOUNT:474 IHITRATE: 76.8 DHITRATE: 64.5
/u/k/a/karu/courses/cs552/spring2009/handouts/testprograms/public/rand_final/t_141_all.asm SUCCESS CPI:4.3 CYCLES:2514 ICOUNT:581 IHITRATE: 76.1 DHITRATE: 84.4
/u/k/a/karu/courses/cs552/spring2009/handouts/testprograms/public/rand_final/t_142_all.asm SUCCESS CPI:4.7 CYCLES:2237 ICOUNT:475 IHITRATE: 75.8 DHITRATE: 73.3
/u/k/a/karu/courses/cs552/spring2009/handouts/testprograms/public/rand_final/t_143_all.asm SUCCESS CPI:4.4 CYCLES:2617 ICOUNT:597 IHITRATE: 77.5 DHITRATE: 70.6
/u/k/a/karu/courses/cs552/spring2009/handouts/testprograms/public/rand_final/t_144_all.asm SUCCESS CPI:5.2 CYCLES:2711 ICOUNT:519 IHITRATE: 77.3 DHITRATE: 56.7
/u/k/a/karu/courses/cs552/spring2009/handouts/testprograms/public/rand_final/t_145_all.asm SUCCESS CPI:4.7 CYCLES:2481 ICOUNT:527 IHITRATE: 77.7 DHITRATE: 63.9
/u/k/a/karu/courses/cs552/spring2009/handouts/testprograms/public/rand_final/t_146_all.asm SUCCESS CPI:4.5 CYCLES:3247 ICOUNT:726 IHITRATE: 77.3 DHITRATE: 73.7
/u/k/a/karu/courses/cs552/spring2009/handouts/testprograms/public/rand_final/t_147_all.asm SUCCESS CPI:4.7 CYCLES:2505 ICOUNT:529 IHITRATE: 75.3 DHITRATE: 73.3
/u/k/a/karu/courses/cs552/spring2009/handouts/testprograms/public/rand_final/t_148_all.asm SUCCESS CPI:4.8 CYCLES:2637 ICOUNT:544 IHITRATE: 76.8 DHITRATE: 73.2
/u/k/a/karu/courses/cs552/spring2009/handouts/testprograms/public/rand_final/t_149_all.asm SUCCESS CPI:4.7 CYCLES:2518 ICOUNT:531 IHITRATE: 76.7 DHITRATE: 64.3
/u/k/a/karu/courses/cs552/spring2009/handouts/testprograms/public/rand_final/t_14_mem.asm SUCCESS CPI:3.8 CYCLES:8128 ICOUNT:2113 IHITRATE: 80.3 DHITRATE: 94.2
/u/k/a/karu/courses/cs552/spring2009/handouts/testprograms/public/rand_final/t_150_all.asm SUCCESS CPI:4.8 CYCLES:2859 ICOUNT:590 IHITRATE: 76.6 DHITRATE: 75.0
/u/k/a/karu/courses/cs552/spring2009/handouts/testprograms/public/rand_final/t_15_mem.asm SUCCESS CPI:3.7 CYCLES:8121 ICOUNT:2207 IHITRATE: 78.0 DHITRATE: 97.0
/u/k/a/karu/courses/cs552/spring2009/handouts/testprograms/public/rand_final/t_16_mem.asm SUCCESS CPI:3.7 CYCLES:8112 ICOUNT:2203 IHITRATE: 78.1 DHITRATE: 97.1
/u/k/a/karu/courses/cs552/spring2009/handouts/testprograms/public/rand_final/t_17_mem.asm SUCCESS CPI:3.7 CYCLES:8339 ICOUNT:2229 IHITRATE: 79.2 DHITRATE: 95.6
/u/k/a/karu/courses/cs552/spring2009/handouts/testprograms/public/rand_final/t_18_mem.asm SUCCESS CPI:3.8 CYCLES:8035 ICOUNT:2131 IHITRATE: 79.7 DHITRATE: 95.1
/u/k/a/karu/courses/cs552/spring2009/handouts/testprograms/public/rand_final/t_19_mem.asm SUCCESS CPI:3.7 CYCLES:7934 ICOUNT:2125 IHITRATE: 78.9 DHITRATE: 96.0
